<?xml version="1.0" encoding="UTF-8"?>
<testsuite name="Restassured.Restassured.AppTest" tests="1" skipped="0" failures="0" errors="0" timestamp="2016-07-01T07:10:44" hostname="DS-448A5BAEBECF" time="0.001">
  <properties/>
  <testcase name="testApp" classname="Restassured.Restassured.AppTest" time="0.001"/>
  <system-out><![CDATA[]]></system-out>
  <system-err><![CDATA[]]></system-err>
</testsuite>
